<?xml version="1.0" encoding="UTF-8"?>
<!-- Generated by org.testng.reporters.JUnitXMLReporter -->
<testsuite ignored="0" hostname="GBNB5CG20946FP" failures="0" tests="2" name="Cucumber Tests" time="16.691" errors="0" timestamp="2025-10-15T12:46:48 MYT">
  <testcase classname="io.cucumber.testng.AbstractTestNGCucumberTests" name="runScenario" time="16.339"/>
  <testcase classname="io.cucumber.testng.AbstractTestNGCucumberTests" name="runScenario" time="16.34"/>
</testsuite> <!-- Cucumber Tests -->
