<?xml version="1.0" encoding="UTF-8"?>
<testng-results ignored="0" total="1" passed="0" failed="1" skipped="0">
  <reporter-output>
  </reporter-output>
  <suite started-at="2025-10-15T17:12:49 MYT" name="Cucumber Suite" finished-at="2025-10-15T17:13:36 MYT" duration-ms="46917">
    <groups>
      <group name="cucumber">
        <method signature="AbstractTestNGCucumberTests.runScenario(io.cucumber.testng.PickleWrapper,io.cucumber.testng.FeatureWrapper)[pri:0, instance:com.gbg.runners.RunCucumberTest@55f616cf]" name="runScenario" class="io.cucumber.testng.AbstractTestNGCucumberTests"/>
      </group> <!-- cucumber -->
    </groups>
    <test started-at="2025-10-15T17:12:49 MYT" name="Cucumber Tests" finished-at="2025-10-15T17:13:36 MYT" duration-ms="46917">
      <class name="com.gbg.runners.RunCucumberTest">
        <test-method is-config="true" signature="setUpClass(org.testng.ITestContext)[pri:0, instance:com.gbg.runners.RunCucumberTest@55f616cf]" started-at="2025-10-15T17:12:49 MYT" name="setUpClass" finished-at="2025-10-15T17:12:49 MYT" duration-ms="306" status="PASS">
          <params>
            <param index="0">
              <value>
                <![CDATA[org.testng.TestRunner@305a0c5f]]>
              </value>
            </param>
          </params>
          <reporter-output>
          </reporter-output>
        </test-method> <!-- setUpClass -->
        <test-method signature="runScenario(io.cucumber.testng.PickleWrapper,io.cucumber.testng.FeatureWrapper)[pri:0, instance:com.gbg.runners.RunCucumberTest@55f616cf]" started-at="2025-10-15T17:12:49 MYT" name="runScenario" description="Runs Cucumber Scenarios" data-provider="scenarios" finished-at="2025-10-15T17:13:36 MYT" duration-ms="46544" status="FAIL">
          <params>
            <param index="0">
              <value>
                <![CDATA["first test"]]>
              </value>
            </param>
            <param index="1">
              <value>
                <![CDATA["Instinct"]]>
              </value>
            </param>
          </params>
          <exception class="com.microsoft.playwright.TimeoutError">
            <message>
              <![CDATA[Error {
  message='Timeout 30000ms exceeded.
  name='TimeoutError
  stack='TimeoutError: Timeout 30000ms exceeded.
    at ProgressController.run (C:\Users\MUHAMM~1.HUS\AppData\Local\Temp\playwright-java-1798706512889426626\package\lib\server\progress.js:68:28)
    at FrameDispatcher._runCommand (C:\Users\MUHAMM~1.HUS\AppData\Local\Temp\playwright-java-1798706512889426626\package\lib\server\dispatchers\dispatcher.js:95:31)
    at DispatcherConnection.dispatch (C:\Users\MUHAMM~1.HUS\AppData\Local\Temp\playwright-java-1798706512889426626\package\lib\server\dispatchers\dispatcher.js:329:39)
}
Call log:
-   - waiting for getByPlaceholder("User Id")
]]>
            </message>
            <full-stacktrace>
              <![CDATA[com.microsoft.playwright.TimeoutError: Error {
  message='Timeout 30000ms exceeded.
  name='TimeoutError
  stack='TimeoutError: Timeout 30000ms exceeded.
    at ProgressController.run (C:\Users\MUHAMM~1.HUS\AppData\Local\Temp\playwright-java-1798706512889426626\package\lib\server\progress.js:68:28)
    at FrameDispatcher._runCommand (C:\Users\MUHAMM~1.HUS\AppData\Local\Temp\playwright-java-1798706512889426626\package\lib\server\dispatchers\dispatcher.js:95:31)
    at DispatcherConnection.dispatch (C:\Users\MUHAMM~1.HUS\AppData\Local\Temp\playwright-java-1798706512889426626\package\lib\server\dispatchers\dispatcher.js:329:39)
}
Call log:
-   - waiting for getByPlaceholder("User Id")

at com.microsoft.playwright.impl.WaitableResult.get(WaitableResult.java:52)
at com.microsoft.playwright.impl.ChannelOwner.runUntil(ChannelOwner.java:138)
at com.microsoft.playwright.impl.Connection.sendMessage(Connection.java:131)
at com.microsoft.playwright.impl.ChannelOwner.sendMessage(ChannelOwner.java:124)
at com.microsoft.playwright.impl.FrameImpl.fill(FrameImpl.java:300)
at com.microsoft.playwright.impl.LocatorImpl.fill(LocatorImpl.java:244)
at com.microsoft.playwright.Locator.fill(Locator.java:3105)
at step_definitions.instinct.step.InstinctStepdefs.navigateToInstinctPortal(InstinctStepdefs.java:33)
at ✽.navigate to Instinct portal(file:///C:/Users/muhammad.hussin/github2/automation-instinct-predator/src/Test/resources/features/instinct.features/Instinct.feature:5)
Caused by: com.microsoft.playwright.TimeoutError: Error {
  message='Timeout 30000ms exceeded.
  name='TimeoutError
  stack='TimeoutError: Timeout 30000ms exceeded.
    at ProgressController.run (C:\Users\MUHAMM~1.HUS\AppData\Local\Temp\playwright-java-1798706512889426626\package\lib\server\progress.js:68:28)
    at FrameDispatcher._runCommand (C:\Users\MUHAMM~1.HUS\AppData\Local\Temp\playwright-java-1798706512889426626\package\lib\server\dispatchers\dispatcher.js:95:31)
    at DispatcherConnection.dispatch (C:\Users\MUHAMM~1.HUS\AppData\Local\Temp\playwright-java-1798706512889426626\package\lib\server\dispatchers\dispatcher.js:329:39)
}
Call log:
-   - waiting for getByPlaceholder("User Id")

at com.microsoft.playwright.impl.Connection.dispatch(Connection.java:257)
at com.microsoft.playwright.impl.Connection.processOneMessage(Connection.java:214)
at com.microsoft.playwright.impl.ChannelOwner.runUntil(ChannelOwner.java:136)
... 7 more
]]>
            </full-stacktrace>
          </exception> <!-- com.microsoft.playwright.TimeoutError -->
          <reporter-output>
          </reporter-output>
        </test-method> <!-- runScenario -->
        <test-method is-config="true" signature="tearDownClass()[pri:0, instance:com.gbg.runners.RunCucumberTest@55f616cf]" started-at="2025-10-15T17:13:36 MYT" name="tearDownClass" finished-at="2025-10-15T17:13:36 MYT" duration-ms="3" status="PASS">
          <reporter-output>
          </reporter-output>
        </test-method> <!-- tearDownClass -->
      </class> <!-- com.gbg.runners.RunCucumberTest -->
    </test> <!-- Cucumber Tests -->
  </suite> <!-- Cucumber Suite -->
</testng-results>
