<?xml version="1.0" encoding="UTF-8"?>
<!-- Generated by org.testng.reporters.JUnitReportReporter -->
<testsuite hostname="GBNB5CG20946FP" failures="0" tests="1" name="com.gbg.runners.RunCucumberTest" time="46.544" errors="1" timestamp="2025-10-15T17:13:36 MYT" skipped="0">
  <testcase classname="com.gbg.runners.RunCucumberTest" name="runScenario" time="46.544">
    <error message="Error {
  message=&#039;Timeout 30000ms exceeded.
  name=&#039;TimeoutError
  stack=&#039;TimeoutError: Timeout 30000ms exceeded.
    at ProgressController.run (C:\Users\MUHAMM~1.HUS\AppData\Local\Temp\playwright-java-1798706512889426626\package\lib\server\progress.js:68:28)
    at FrameDispatcher._runCommand (C:\Users\MUHAMM~1.HUS\AppData\Local\Temp\playwright-java-1798706512889426626\package\lib\server\dispatchers\dispatcher.js:95:31)
    at DispatcherConnection.dispatch (C:\Users\MUHAMM~1.HUS\AppData\Local\Temp\playwright-java-1798706512889426626\package\lib\server\dispatchers\dispatcher.js:329:39)
}
Call log:
-   - waiting for getByPlaceholder(&quot;User Id&quot;)
" type="com.microsoft.playwright.TimeoutError">
      <![CDATA[com.microsoft.playwright.TimeoutError: Error {
  message='Timeout 30000ms exceeded.
  name='TimeoutError
  stack='TimeoutError: Timeout 30000ms exceeded.
    at ProgressController.run (C:\Users\MUHAMM~1.HUS\AppData\Local\Temp\playwright-java-1798706512889426626\package\lib\server\progress.js:68:28)
    at FrameDispatcher._runCommand (C:\Users\MUHAMM~1.HUS\AppData\Local\Temp\playwright-java-1798706512889426626\package\lib\server\dispatchers\dispatcher.js:95:31)
    at DispatcherConnection.dispatch (C:\Users\MUHAMM~1.HUS\AppData\Local\Temp\playwright-java-1798706512889426626\package\lib\server\dispatchers\dispatcher.js:329:39)
}
Call log:
-   - waiting for getByPlaceholder("User Id")

at com.microsoft.playwright.impl.WaitableResult.get(WaitableResult.java:52)
at com.microsoft.playwright.impl.ChannelOwner.runUntil(ChannelOwner.java:138)
at com.microsoft.playwright.impl.Connection.sendMessage(Connection.java:131)
at com.microsoft.playwright.impl.ChannelOwner.sendMessage(ChannelOwner.java:124)
at com.microsoft.playwright.impl.FrameImpl.fill(FrameImpl.java:300)
at com.microsoft.playwright.impl.LocatorImpl.fill(LocatorImpl.java:244)
at com.microsoft.playwright.Locator.fill(Locator.java:3105)
at step_definitions.instinct.step.InstinctStepdefs.navigateToInstinctPortal(InstinctStepdefs.java:33)
at ✽.navigate to Instinct portal(file:///C:/Users/muhammad.hussin/github2/automation-instinct-predator/src/Test/resources/features/instinct.features/Instinct.feature:5)
Caused by: com.microsoft.playwright.TimeoutError: Error {
  message='Timeout 30000ms exceeded.
  name='TimeoutError
  stack='TimeoutError: Timeout 30000ms exceeded.
    at ProgressController.run (C:\Users\MUHAMM~1.HUS\AppData\Local\Temp\playwright-java-1798706512889426626\package\lib\server\progress.js:68:28)
    at FrameDispatcher._runCommand (C:\Users\MUHAMM~1.HUS\AppData\Local\Temp\playwright-java-1798706512889426626\package\lib\server\dispatchers\dispatcher.js:95:31)
    at DispatcherConnection.dispatch (C:\Users\MUHAMM~1.HUS\AppData\Local\Temp\playwright-java-1798706512889426626\package\lib\server\dispatchers\dispatcher.js:329:39)
}
Call log:
-   - waiting for getByPlaceholder("User Id")

at com.microsoft.playwright.impl.Connection.dispatch(Connection.java:257)
at com.microsoft.playwright.impl.Connection.processOneMessage(Connection.java:214)
at com.microsoft.playwright.impl.ChannelOwner.runUntil(ChannelOwner.java:136)
... 7 more
]]>
    </error>
  </testcase> <!-- runScenario -->
</testsuite> <!-- com.gbg.runners.RunCucumberTest -->
